data/logs/default/fleet-server-json.log
{"log.level":"info","service.name":"fleet-server","service.name":"fleet-server","@timestamp":"2021-09-08T14:08:50.144Z","message":"received initial configuration starting Fleet Server"}
{"log.level":"info","service.name":"fleet-server","service.name":"fleet-server","cfg":{"NumCounters":500000,"MaxCost":52428800,"ActionTTL":300000000000,"ApiKeyTTL":900000000000,"EnrollKeyTTL":60000000000,"ArtifactTTL":86400000000000,"ApiKeyJitter":300000000000},"@timestamp":"2021-09-08T14:08:50.144Z","message":"makeCache"}
{"log.level":"info","service.name":"fleet-server","service.name":"fleet-server","status":"STARTING","@timestamp":"2021-09-08T14:08:50.148Z","message":"Starting"}
{"log.level":"info","service.name":"fleet-server","service.name":"fleet-server","new":{"Host":"0.0.0.0","Port":8220,"TLS":null,"Timeouts":{"Read":60000000000,"Write":600000000000,"Idle":30000000000,"ReadHeader":5000000000,"CheckinTimestamp":30000000000,"CheckinLongPoll":300000000000,"CheckinJitter":30000000000},"Profiler":{"Enabled":false,"Bind":"localhost:6060"},"CompressionLevel":1,"CompressionThresh":1024,"Limits":{"PolicyThrottle":5000000,"MaxHeaderByteSize":8192,"MaxConnections":0,"CheckinLimit":{"Interval":1000000,"Burst":1000,"Max":0,"MaxBody":1048576},"ArtifactLimit":{"Interval":5000000,"Burst":25,"Max":50,"MaxBody":0},"EnrollLimit":{"Interval":10000000,"Burst":100,"Max":50,"MaxBody":524288},"AckLimit":{"Interval":10000000,"Burst":100,"Max":50,"MaxBody":2097152}},"Runtime":{"GCPercent":0},"Bulk":{"FlushInterval":250000000,"FlushThresholdCount":2048,"FlushThresholdSize":1048576,"FlushMaxPending":8}},"@timestamp":"2021-09-08T14:08:50.149Z","message":"initial server configuration"}
{"log.level":"info","service.name":"fleet-server","service.name":"fleet-server","@timestamp":"2021-09-08T14:08:50.149Z","message":"starting server on configuration change"}
{"service.name":"fleet-server","service.name":"fleet-server","log.level":"info","log.logger":"fleet-metrics.api","message":"Starting stats endpoint","@timestamp":"2021-09-08T14:08:50.15Z"}
{"service.name":"fleet-server","service.name":"fleet-server","log.level":"info","log.logger":"fleet-metrics.api","message":"Metrics endpoint listening on: /usr/share/elastic-agent/data/tmp/default/fleet-server/fleet-server.sock (configured: unix:///usr/share/elastic-agent/data/tmp/default/fleet-server/fleet-server.sock)","@timestamp":"2021-09-08T14:08:50.151Z"}
{"log.level":"info","service.name":"fleet-server","service.name":"fleet-server","name":"docker-cluster","uuid":"1VPmRPFYTe6-2YrBS2HhGA","vers":"7.15.0-SNAPSHOT","@timestamp":"2021-09-08T14:08:50.157Z","message":"Cluster Info"}
{"log.level":"info","service.name":"fleet-server","service.name":"fleet-server","opts":{"flushInterval":250,"flushThresholdCnt":2048,"flushThresholdSz":1048576,"maxPending":8,"blockQueueSz":32,"apikeyMaxParallel":120},"@timestamp":"2021-09-08T14:08:50.157Z","message":"Run bulker with options"}
{"log.level":"info","service.name":"fleet-server","service.name":"fleet-server","fleet_version":"7.15.0-SNAPSHOT","elasticsearch_version":"7.15.0","@timestamp":"2021-09-08T14:08:50.16Z","message":"versions are compatible"}
{"log.level":"info","service.name":"fleet-server","service.name":"fleet-server","name":"docker-cluster","uuid":"1VPmRPFYTe6-2YrBS2HhGA","vers":"7.15.0-SNAPSHOT","@timestamp":"2021-09-08T14:08:50.164Z","message":"Cluster Info"}
{"log.level":"info","service.name":"fleet-server","service.name":"fleet-server","limits":{"Interval":1000000,"Burst":1000,"Max":0,"MaxBody":1048576},"long_poll_timeout":300000,"long_poll_timestamp":30000,"long_poll_jitter":30000,"@timestamp":"2021-09-08T14:08:50.164Z","message":"Checkin install limits"}
{"log.level":"info","service.name":"fleet-server","service.name":"fleet-server","limits":{"Interval":10000000,"Burst":100,"Max":50,"MaxBody":524288},"@timestamp":"2021-09-08T14:08:50.164Z","message":"Enroller install limits"}
{"log.level":"info","service.name":"fleet-server","service.name":"fleet-server","limits":{"Interval":5000000,"Burst":25,"Max":50,"MaxBody":0},"maxParallel":8,"@timestamp":"2021-09-08T14:08:50.165Z","message":"Artifact install limits"}
{"log.level":"info","service.name":"fleet-server","service.name":"fleet-server","limits":{"Interval":10000000,"Burst":100,"Max":50,"MaxBody":2097152},"@timestamp":"2021-09-08T14:08:50.165Z","message":"Ack install limits"}
{"log.level":"info","service.name":"fleet-server","service.name":"fleet-server","method":"GET","path":"/api/status","@timestamp":"2021-09-08T14:08:50.165Z","message":"Server install route"}
{"log.level":"info","service.name":"fleet-server","service.name":"fleet-server","method":"POST","path":"/api/fleet/agents/:id","@timestamp":"2021-09-08T14:08:50.165Z","message":"Server install route"}
{"log.level":"info","service.name":"fleet-server","service.name":"fleet-server","method":"POST","path":"/api/fleet/agents/:id/checkin","@timestamp":"2021-09-08T14:08:50.165Z","message":"Server install route"}
{"log.level":"info","service.name":"fleet-server","service.name":"fleet-server","method":"POST","path":"/api/fleet/agents/:id/acks","@timestamp":"2021-09-08T14:08:50.165Z","message":"Server install route"}
{"log.level":"info","service.name":"fleet-server","service.name":"fleet-server","method":"GET","path":"/api/fleet/artifacts/:id/:sha2","@timestamp":"2021-09-08T14:08:50.165Z","message":"Server install route"}
{"log.level":"info","service.name":"fleet-server","service.name":"fleet-server","bind":"0.0.0.0:8220","rdTimeout":60000,"wrTimeout":600000,"@timestamp":"2021-09-08T14:08:50.165Z","message":"server listening"}
{"log.level":"info","service.name":"fleet-server","service.name":"fleet-server","@timestamp":"2021-09-08T14:08:50.165Z","message":"server hard connection limiter disabled"}
{"log.level":"warn","service.name":"fleet-server","service.name":"fleet-server","@timestamp":"2021-09-08T14:08:50.165Z","message":"exposed over insecure HTTP; enablement of TLS is strongly recommended"}
{"log.level":"info","service.name":"fleet-server","service.name":"fleet-server","index":".fleet-policies","ctx":"index monitor","@timestamp":"2021-09-08T14:08:50.165Z","message":"start"}
{"log.level":"info","service.name":"fleet-server","service.name":"fleet-server","index":".fleet-actions","ctx":"index monitor","@timestamp":"2021-09-08T14:08:50.165Z","message":"start"}
{"log.level":"info","service.name":"fleet-server","service.name":"fleet-server","ctx":"policy agent monitor","throttle":5,"@timestamp":"2021-09-08T14:08:50.165Z","message":"run policy monitor"}
{"log.level":"info","service.name":"fleet-server","service.name":"fleet-server","status":"HEALTHY","@timestamp":"2021-09-08T14:08:50.446Z","message":"Running on default policy with Fleet Server integration"}
{"log.level":"info","service.name":"fleet-server","service.name":"fleet-server","ctx":"policy leader manager","policy_id":"3fd60fb0-10ae-11ec-9070-3d71d60a4e81","count":0,"coordinator":"v0","@timestamp":"2021-09-08T14:08:51.968Z","message":"starting coordinator for policy"}
{"log.level":"info","service.name":"fleet-server","service.name":"fleet-server","ctx":"policy leader manager","policy_id":"3fd5c190-10ae-11ec-9070-3d71d60a4e81","count":0,"coordinator":"v0","@timestamp":"2021-09-08T14:08:51.968Z","message":"starting coordinator for policy"}
{"log.level":"info","service.name":"fleet-server","service.name":"fleet-server","ctx":"policy leader manager","policy_id":"3fd60fb0-10ae-11ec-9070-3d71d60a4e81","revision_idx":1,"coordinator_idx":1,"@timestamp":"2021-09-08T14:08:52.246Z","message":"coordinator inserted a new policy revision"}
{"log.level":"info","service.name":"fleet-server","service.name":"fleet-server","ctx":"policy leader manager","policy_id":"3fd5c190-10ae-11ec-9070-3d71d60a4e81","revision_idx":1,"coordinator_idx":1,"@timestamp":"2021-09-08T14:08:52.246Z","message":"coordinator inserted a new policy revision"}
{"log.level":"info","service.name":"fleet-server","service.name":"fleet-server","status":"HEALTHY","@timestamp":"2021-09-08T14:08:52.253Z","message":"Running on default policy with Fleet Server integration"}
{"log.level":"info","service.name":"fleet-server","service.name":"fleet-server","ctx":"policy agent monitor","policy_id":"3fd5c190-10ae-11ec-9070-3d71d60a4e81","rev":1,"coord":1,"@timestamp":"2021-09-08T14:08:52.254Z","message":"new policy added on update"}
{"log.level":"info","service.name":"fleet-server","service.name":"fleet-server","ctx":"policy agent monitor","policy_id":"3fd60fb0-10ae-11ec-9070-3d71d60a4e81","rev":1,"coord":1,"@timestamp":"2021-09-08T14:08:52.254Z","message":"new policy added on update"}
{"log.level":"info","service.name":"fleet-server","service.name":"fleet-server","mod":"enroll","agentId":"2c41237e-7f50-467a-a024-d37c8053c86e","policyId":"3fd5c190-10ae-11ec-9070-3d71d60a4e81","apiKeyId":"4VC9xXsB3Jcgn8ZefBof","http.request.id":"","http.response.body.bytes":1008,"event.duration":567973186,"@timestamp":"2021-09-08T14:08:55.096Z","message":"success enroll"}
{"log.level":"info","service.name":"fleet-server","service.name":"fleet-server","agentId":"2c41237e-7f50-467a-a024-d37c8053c86e","http.request.id":"","ctx":"processPolicy","policyRevision":1,"policyCoordinator":1,"policyId":"3fd5c190-10ae-11ec-9070-3d71d60a4e81","hash.sha256":"d1b411a896225882f745fb057de1044e9ed5874ecf4e40f23be18a61f91f24a8","apiKeyId":"4lC9xXsB3Jcgn8Zehhru","@timestamp":"2021-09-08T14:08:57.59Z","message":"Updating agent record to pick up default output key."}
{"log.level":"info","service.name":"fleet-server","service.name":"fleet-server","agentId":"2c41237e-7f50-467a-a024-d37c8053c86e","http.request.id":"","ackToken":"","createdAt":"2021-09-08T14:08:38.947Z","id":"policy:3fd5c190-10ae-11ec-9070-3d71d60a4e81:1:1","type":"POLICY_CHANGE","inputType":"","timeout":0,"@timestamp":"2021-09-08T14:08:58.202Z","message":"Action delivered to agent on checkin"}
{"log.level":"info","service.name":"fleet-server","service.name":"fleet-server","agentId":"feb4af78-aecb-40d3-9db0-bd0ca7b902c4","http.request.id":"","ctx":"processPolicy","policyRevision":1,"policyCoordinator":1,"policyId":"3fd60fb0-10ae-11ec-9070-3d71d60a4e81","hash.sha256":"cf54971b4d01d194757802052525463fe2f52ffaaf37755c9ab94fdd43c76e9c","apiKeyId":"41C9xXsB3Jcgn8ZemBrF","@timestamp":"2021-09-08T14:09:02.155Z","message":"Updating agent record to pick up default output key."}
{"log.level":"info","service.name":"fleet-server","service.name":"fleet-server","agentId":"feb4af78-aecb-40d3-9db0-bd0ca7b902c4","http.request.id":"","ackToken":"","createdAt":"2021-09-08T14:08:38.951Z","id":"policy:3fd60fb0-10ae-11ec-9070-3d71d60a4e81:1:1","type":"POLICY_CHANGE","inputType":"","timeout":0,"@timestamp":"2021-09-08T14:09:02.415Z","message":"Action delivered to agent on checkin"}
{"log.level":"info","service.name":"fleet-server","service.name":"fleet-server","@timestamp":"2021-09-08T14:09:02.491Z","message":"Server configuration update"}
{"log.level":"info","service.name":"fleet-server","service.name":"fleet-server","status":"CONFIGURING","@timestamp":"2021-09-08T14:09:02.491Z","message":"Re-configuring"}
{"log.level":"info","service.name":"fleet-server","service.name":"fleet-server","agentId":"feb4af78-aecb-40d3-9db0-bd0ca7b902c4","policyId":"3fd60fb0-10ae-11ec-9070-3d71d60a4e81","policyRevision":1,"policyCoordinator":1,"@timestamp":"2021-09-08T14:09:06.674Z","message":"Policy ACK"}
{"log.level":"info","service.name":"fleet-server","service.name":"fleet-server","agentId":"2c41237e-7f50-467a-a024-d37c8053c86e","policyId":"3fd5c190-10ae-11ec-9070-3d71d60a4e81","policyRevision":1,"policyCoordinator":1,"@timestamp":"2021-09-08T14:09:10.585Z","message":"Policy ACK"}
data/logs/default/fleet-server-json.log-2021-09-08-14-1
{"log.level":"info","service.name":"fleet-server","version":"7.15.0-SNAPSHOT","commit":"2341e48","pid":89,"ppid":61,"exe":"/usr/share/elastic-agent/data/elastic-agent-8e11c8/install/fleet-server-7.15.0-SNAPSHOT-linux-x86_64/fleet-server","args":["--agent-mode","-E","logging.level=info","-E","http.enabled=true","-E","http.host=unix:///usr/share/elastic-agent/data/tmp/default/fleet-server/fleet-server.sock","-E","logging.json=true","-E","logging.ecs=true","-E","logging.files.path=/usr/share/elastic-agent/data/logs/default","-E","logging.files.name=fleet-server-json.log","-E","logging.files.keepfiles=7","-E","logging.files.permission=0640","-E","logging.files.interval=1h","-E","path.data=/usr/share/elastic-agent/data/run/default/fleet-server--7.15.0-SNAPSHOT"],"@timestamp":"2021-09-08T14:08:42.61Z","message":"boot"}
data/logs/default/fleet-server-json.log-2021-09-08-14-2
{"log.level":"info","service.name":"fleet-server","@timestamp":"2021-09-08T14:08:42.611Z","message":"starting communication connection back to Elastic Agent"}
{"log.level":"info","service.name":"fleet-server","@timestamp":"2021-09-08T14:08:42.611Z","message":"waiting for Elastic Agent to send initial configuration"}
{"log.level":"info","service.name":"fleet-server","@timestamp":"2021-09-08T14:08:43.126Z","message":"received initial configuration starting Fleet Server"}
{"log.level":"info","service.name":"fleet-server","cfg":{"NumCounters":500000,"MaxCost":52428800,"ActionTTL":300000000000,"ApiKeyTTL":900000000000,"EnrollKeyTTL":60000000000,"ArtifactTTL":86400000000000,"ApiKeyJitter":300000000000},"@timestamp":"2021-09-08T14:08:43.126Z","message":"makeCache"}
{"log.level":"info","service.name":"fleet-server","status":"STARTING","@timestamp":"2021-09-08T14:08:43.132Z","message":"Starting"}
{"log.level":"info","service.name":"fleet-server","new":{"Host":"0.0.0.0","Port":8220,"TLS":null,"Timeouts":{"Read":60000000000,"Write":600000000000,"Idle":30000000000,"ReadHeader":5000000000,"CheckinTimestamp":30000000000,"CheckinLongPoll":300000000000,"CheckinJitter":30000000000},"Profiler":{"Enabled":false,"Bind":"localhost:6060"},"CompressionLevel":1,"CompressionThresh":1024,"Limits":{"PolicyThrottle":5000000,"MaxHeaderByteSize":8192,"MaxConnections":0,"CheckinLimit":{"Interval":1000000,"Burst":1000,"Max":0,"MaxBody":1048576},"ArtifactLimit":{"Interval":5000000,"Burst":25,"Max":50,"MaxBody":0},"EnrollLimit":{"Interval":10000000,"Burst":100,"Max":50,"MaxBody":524288},"AckLimit":{"Interval":10000000,"Burst":100,"Max":50,"MaxBody":2097152}},"Runtime":{"GCPercent":0},"Bulk":{"FlushInterval":250000000,"FlushThresholdCount":2048,"FlushThresholdSize":1048576,"FlushMaxPending":8}},"@timestamp":"2021-09-08T14:08:43.132Z","message":"initial server configuration"}
{"log.level":"info","service.name":"fleet-server","@timestamp":"2021-09-08T14:08:43.132Z","message":"starting server on configuration change"}
{"service.name":"fleet-server","log.level":"info","log.logger":"fleet-metrics.api","message":"Starting stats endpoint","@timestamp":"2021-09-08T14:08:43.133Z"}
{"service.name":"fleet-server","log.level":"info","log.logger":"fleet-metrics.api","message":"Metrics endpoint listening on: /usr/share/elastic-agent/data/tmp/default/fleet-server/fleet-server.sock (configured: unix:///usr/share/elastic-agent/data/tmp/default/fleet-server/fleet-server.sock)","@timestamp":"2021-09-08T14:08:43.133Z"}
{"log.level":"info","service.name":"fleet-server","name":"docker-cluster","uuid":"1VPmRPFYTe6-2YrBS2HhGA","vers":"7.15.0-SNAPSHOT","@timestamp":"2021-09-08T14:08:43.172Z","message":"Cluster Info"}
{"log.level":"info","service.name":"fleet-server","opts":{"flushInterval":250,"flushThresholdCnt":2048,"flushThresholdSz":1048576,"maxPending":8,"blockQueueSz":32,"apikeyMaxParallel":120},"@timestamp":"2021-09-08T14:08:43.172Z","message":"Run bulker with options"}
{"log.level":"info","service.name":"fleet-server","fleet_version":"7.15.0-SNAPSHOT","elasticsearch_version":"7.15.0","@timestamp":"2021-09-08T14:08:43.178Z","message":"versions are compatible"}
{"log.level":"info","service.name":"fleet-server","name":"docker-cluster","uuid":"1VPmRPFYTe6-2YrBS2HhGA","vers":"7.15.0-SNAPSHOT","@timestamp":"2021-09-08T14:08:43.191Z","message":"Cluster Info"}
{"log.level":"info","service.name":"fleet-server","index":".fleet-policies","ctx":"index monitor","@timestamp":"2021-09-08T14:08:43.192Z","message":"start"}
{"log.level":"info","service.name":"fleet-server","ctx":"policy agent monitor","throttle":5,"@timestamp":"2021-09-08T14:08:43.192Z","message":"run policy monitor"}
{"log.level":"info","service.name":"fleet-server","index":".fleet-actions","ctx":"index monitor","@timestamp":"2021-09-08T14:08:43.192Z","message":"start"}
{"log.level":"info","service.name":"fleet-server","limits":{"Interval":1000000,"Burst":1000,"Max":0,"MaxBody":1048576},"long_poll_timeout":300000,"long_poll_timestamp":30000,"long_poll_jitter":30000,"@timestamp":"2021-09-08T14:08:43.192Z","message":"Checkin install limits"}
{"log.level":"info","service.name":"fleet-server","limits":{"Interval":10000000,"Burst":100,"Max":50,"MaxBody":524288},"@timestamp":"2021-09-08T14:08:43.192Z","message":"Enroller install limits"}
{"log.level":"info","service.name":"fleet-server","limits":{"Interval":5000000,"Burst":25,"Max":50,"MaxBody":0},"maxParallel":8,"@timestamp":"2021-09-08T14:08:43.192Z","message":"Artifact install limits"}
{"log.level":"info","service.name":"fleet-server","limits":{"Interval":10000000,"Burst":100,"Max":50,"MaxBody":2097152},"@timestamp":"2021-09-08T14:08:43.192Z","message":"Ack install limits"}
{"log.level":"info","service.name":"fleet-server","method":"GET","path":"/api/status","@timestamp":"2021-09-08T14:08:43.192Z","message":"Server install route"}
{"log.level":"info","service.name":"fleet-server","method":"POST","path":"/api/fleet/agents/:id","@timestamp":"2021-09-08T14:08:43.192Z","message":"Server install route"}
{"log.level":"info","service.name":"fleet-server","method":"POST","path":"/api/fleet/agents/:id/checkin","@timestamp":"2021-09-08T14:08:43.192Z","message":"Server install route"}
{"log.level":"info","service.name":"fleet-server","method":"POST","path":"/api/fleet/agents/:id/acks","@timestamp":"2021-09-08T14:08:43.192Z","message":"Server install route"}
{"log.level":"info","service.name":"fleet-server","method":"GET","path":"/api/fleet/artifacts/:id/:sha2","@timestamp":"2021-09-08T14:08:43.192Z","message":"Server install route"}
{"log.level":"info","service.name":"fleet-server","bind":"0.0.0.0:8220","rdTimeout":60000,"wrTimeout":600000,"@timestamp":"2021-09-08T14:08:43.192Z","message":"server listening"}
{"log.level":"info","service.name":"fleet-server","@timestamp":"2021-09-08T14:08:43.193Z","message":"server hard connection limiter disabled"}
{"log.level":"warn","service.name":"fleet-server","@timestamp":"2021-09-08T14:08:43.193Z","message":"exposed over insecure HTTP; enablement of TLS is strongly recommended"}
{"log.level":"warn","service.name":"fleet-server","ctx":"policy leader manager","@timestamp":"2021-09-08T14:08:43.193Z","message":"missing config fleet.agent.id; acceptable until Elastic Agent has enrolled"}
{"log.level":"info","service.name":"fleet-server","status":"DEGRADED","@timestamp":"2021-09-08T14:08:43.73Z","message":"Running on default policy with Fleet Server integration; missing config fleet.agent.id (expected during bootstrap process)"}
{"log.level":"info","service.name":"fleet-server","mod":"enroll","agentId":"feb4af78-aecb-40d3-9db0-bd0ca7b902c4","policyId":"3fd60fb0-10ae-11ec-9070-3d71d60a4e81","apiKeyId":"3lC9xXsB3Jcgn8ZeVxpd","http.request.id":"","http.response.body.bytes":1010,"event.duration":749256867,"@timestamp":"2021-09-08T14:08:45.814Z","message":"success enroll"}
{"log.level":"info","service.name":"fleet-server","status":"STOPPING","@timestamp":"2021-09-08T14:08:45.923Z","message":"Stopping"}
{"log.level":"info","service.name":"fleet-server","index":".fleet-policies","ctx":"index monitor","@timestamp":"2021-09-08T14:08:45.923Z","message":"context closed waiting for global checkpoints advance"}
{"log.level":"info","service.name":"fleet-server","index":".fleet-policies","ctx":"index monitor","@timestamp":"2021-09-08T14:08:45.923Z","message":"exited"}
{"log.level":"info","service.name":"fleet-server","index":".fleet-actions","ctx":"index monitor","@timestamp":"2021-09-08T14:08:45.923Z","message":"context closed waiting for global checkpoints advance"}
{"log.level":"info","service.name":"fleet-server","index":".fleet-actions","ctx":"index monitor","@timestamp":"2021-09-08T14:08:45.923Z","message":"exited"}
{"log.level":"info","service.name":"fleet-server","@timestamp":"2021-09-08T14:08:45.923Z","message":"Fleet Server exited"}
data/logs/default/fleet-server-json.log-2021-09-08-14-3
{"log.level":"info","service.name":"fleet-server","version":"7.15.0-SNAPSHOT","commit":"2341e48","pid":115,"ppid":7,"exe":"/usr/share/elastic-agent/data/elastic-agent-8e11c8/install/fleet-server-7.15.0-SNAPSHOT-linux-x86_64/fleet-server","args":["--agent-mode","-E","logging.level=info","-E","http.enabled=true","-E","http.host=unix:///usr/share/elastic-agent/data/tmp/default/fleet-server/fleet-server.sock","-E","logging.json=true","-E","logging.ecs=true","-E","logging.files.path=/usr/share/elastic-agent/data/logs/default","-E","logging.files.name=fleet-server-json.log","-E","logging.files.keepfiles=7","-E","logging.files.permission=0640","-E","logging.files.interval=1h","-E","path.data=/usr/share/elastic-agent/data/run/default/fleet-server--7.15.0-SNAPSHOT"],"@timestamp":"2021-09-08T14:08:49.626Z","message":"boot"}
{"log.level":"info","service.name":"fleet-server","@timestamp":"2021-09-08T14:08:49.627Z","message":"starting communication connection back to Elastic Agent"}
{"log.level":"info","service.name":"fleet-server","@timestamp":"2021-09-08T14:08:49.627Z","message":"waiting for Elastic Agent to send initial configuration"}
